
Report saved successfully:
logs/report_2026-05-31_06-25-01.txt
Deleted logs older than 7 days
Remaining reports: 5

Running alert checks...
Current Disk Usage: 31%
Disk usage normal
RAM Usage: 42%
RAM normal
CPU Usage: 5%
./alerts.sh: line 36: [: 4.8: integer expression expected
CPU normal

Report saved successfully:
logs/report_2026-05-31_06-30-01.txt
Deleted logs older than 7 days
Remaining reports: 6

Running alert checks...
Current Disk Usage: 38%
Disk usage normal
RAM Usage: 57%
RAM normal
CPU Usage: 56%
./alerts.sh: line 36: [: 56.5: integer expression expected
CPU normal

Report saved successfully:
logs/report_2026-05-31_06-35-01.txt
Deleted logs older than 7 days
Remaining reports: 7

Running alert checks...
Current Disk Usage: 34%
Disk usage normal
RAM Usage: 43%
RAM normal
CPU Usage: 5%
./alerts.sh: line 36: [: 4.8: integer expression expected
CPU normal

Report saved successfully:
logs/report_2026-05-31_06-40-01.txt
Deleted logs older than 7 days
Remaining reports: 8

Running alert checks...
Current Disk Usage: 34%
Disk usage normal
RAM Usage: 43%
RAM normal
CPU Usage: 5%
./alerts.sh: line 36: [: 4.8: integer expression expected
CPU normal

Report saved successfully:
logs/report_2026-05-31_06-45-01.txt
Deleted logs older than 7 days
Remaining reports: 9

Running alert checks...
Current Disk Usage: 34%
Disk usage normal
RAM Usage: 43%
RAM normal
CPU Usage: 5%
./alerts.sh: line 36: [: 4.8: integer expression expected
CPU normal
